# JRE version: Java(TM) SE Runtime Environment (15.0+36) (build 15+36-1562)
# Java VM: Java HotSpot(TM) 64-Bit Server VM (15+36-1562, mixed mode, sharing, tiered, compressed oops, g1 gc, windows-amd64)
GC Precious Log:
 CPUs: 4 total, 4 available
 Memory: 8117M
 Large Page Support: Disabled
 NUMA Support: Disabled
 Compressed Oops: Enabled (32-bit)
 Heap Region Size: 1M
 Heap Min Capacity: 256M
 Heap Initial Capacity: 256M
 Heap Max Capacity: 512M
 Pre-touch: Disabled
 Parallel Workers: 4
 Concurrent Workers: 1
 Concurrent Refinement Workers: 4
 Periodic GC: Disabled
Heap:
 garbage-first heap   total 262144K, used 26682K [0x00000000e0000000, 0x0000000100000000)
  region size 1024K, 18 young (18432K), 16 survivors (16384K)
 Metaspace       used 35458K, capacity 36016K, committed 36252K, reserved 286720K
  class space    used 4812K, capacity 5027K, committed 5120K, reserved 253952K
GC Heap History (10 events):
Event: 0.758 GC heap before
{Heap before GC invocations=0 (full 0):
 garbage-first heap   total 262144K, used 18432K [0x00000000e0000000, 0x0000000100000000)
  region size 1024K, 13 young (13312K), 0 survivors (0K)
 Metaspace       used 2409K, capacity 5545K, committed 5760K, reserved 262144K
  class space    used 283K, capacity 567K, committed 640K, reserved 253952K
}
Event: 0.767 GC heap after
{Heap after GC invocations=1 (full 0):
 garbage-first heap   total 262144K, used 8085K [0x00000000e0000000, 0x0000000100000000)
  region size 1024K, 2 young (2048K), 2 survivors (2048K)
 Metaspace       used 2409K, capacity 5545K, committed 5760K, reserved 262144K
  class space    used 283K, capacity 567K, committed 640K, reserved 253952K
}
Event: 1.470 GC heap before
{Heap before GC invocations=1 (full 0):
 garbage-first heap   total 262144K, used 17301K [0x00000000e0000000, 0x0000000100000000)
  region size 1024K, 12 young (12288K), 2 survivors (2048K)
 Metaspace       used 3930K, capacity 6479K, committed 6656K, reserved 262144K
  class space    used 485K, capacity 729K, committed 768K, reserved 253952K
}
Event: 1.474 GC heap after
{Heap after GC invocations=2 (full 0):
 garbage-first heap   total 262144K, used 8686K [0x00000000e0000000, 0x0000000100000000)
  region size 1024K, 1 young (1024K), 1 survivors (1024K)
 Metaspace       used 3930K, capacity 6479K, committed 6656K, reserved 262144K
  class space    used 485K, capacity 729K, committed 768K, reserved 253952K
}
Event: 8.970 GC heap before
{Heap before GC invocations=2 (full 0):
 garbage-first heap   total 262144K, used 31214K [0x00000000e0000000, 0x0000000100000000)
  region size 1024K, 24 young (24576K), 1 survivors (1024K)
 Metaspace       used 4224K, capacity 6663K, committed 7040K, reserved 262144K
  class space    used 520K, capacity 769K, committed 896K, reserved 253952K
}
Event: 8.974 GC heap after
{Heap after GC invocations=3 (full 0):
 garbage-first heap   total 262144K, used 12847K [0x00000000e0000000, 0x0000000100000000)
  region size 1024K, 3 young (3072K), 3 survivors (3072K)
 Metaspace       used 4224K, capacity 6663K, committed 7040K, reserved 262144K
  class space    used 520K, capacity 769K, committed 896K, reserved 253952K
}
Event: 12.694 GC heap before
{Heap before GC invocations=3 (full 0):
 garbage-first heap   total 262144K, used 94767K [0x00000000e0000000, 0x0000000100000000)
  region size 1024K, 84 young (86016K), 3 survivors (3072K)
 Metaspace       used 20797K, capacity 21156K, committed 21296K, reserved 272384K
  class space    used 2998K, capacity 3123K, committed 3200K, reserved 253952K
}
Event: 12.709 GC heap after
{Heap after GC invocations=4 (full 0):
 garbage-first heap   total 262144K, used 18389K [0x00000000e0000000, 0x0000000100000000)
  region size 1024K, 9 young (9216K), 9 survivors (9216K)
 Metaspace       used 20797K, capacity 21156K, committed 21296K, reserved 272384K
  class space    used 2998K, capacity 3123K, committed 3200K, reserved 253952K
}
Event: 15.516 GC heap before
{Heap before GC invocations=5 (full 0):
 garbage-first heap   total 262144K, used 106453K [0x00000000e0000000, 0x0000000100000000)
  region size 1024K, 93 young (95232K), 9 survivors (9216K)
 Metaspace       used 35318K, capacity 35818K, committed 35888K, reserved 286720K
  class space    used 4798K, capacity 4962K, committed 4992K, reserved 253952K
}
Event: 15.544 GC heap after
{Heap after GC invocations=6 (full 0):
 garbage-first heap   total 262144K, used 25658K [0x00000000e0000000, 0x0000000100000000)
  region size 1024K, 16 young (16384K), 16 survivors (16384K)
 Metaspace       used 35318K, capacity 35818K, committed 35888K, reserved 286720K
  class space    used 4798K, capacity 4962K, committed 4992K, reserved 253952K
}

